Determining if the pthread_create exist failed with the following output:
Change Dir: /home/tg/slam_calibration/src/cmake-build-debug/CMakeFiles/CMakeTmp

Run Build Command:"/usr/bin/make" "cmTC_5a246/fast"
/usr/bin/make -f CMakeFiles/cmTC_5a246.dir/build.make CMakeFiles/cmTC_5a246.dir/build
make[1]: Entering directory '/home/tg/slam_calibration/src/cmake-build-debug/CMakeFiles/CMakeTmp'
Building C object CMakeFiles/cmTC_5a246.dir/CheckSymbolExists.c.o
/usr/bin/cc    -o CMakeFiles/cmTC_5a246.dir/CheckSymbolExists.c.o   -c /home/tg/slam_calibration/src/cmake-build-debug/CMakeFiles/CMakeTmp/CheckSymbolExists.c
Linking C executable cmTC_5a246
/opt/clion-2018.2.6/bin/cmake/linux/bin/cmake -E cmake_link_script CMakeFiles/cmTC_5a246.dir/link.txt --verbose=1
/usr/bin/cc      -rdynamic CMakeFiles/cmTC_5a246.dir/CheckSymbolExists.c.o  -o cmTC_5a246 
CMakeFiles/cmTC_5a246.dir/CheckSymbolExists.c.o：在函数‘main’中：
CheckSymbolExists.c:(.text+0x16)：对‘pthread_create’未定义的引用
collect2: error: ld returned 1 exit status
CMakeFiles/cmTC_5a246.dir/build.make:86: recipe for target 'cmTC_5a246' failed
make[1]: *** [cmTC_5a246] Error 1
make[1]: Leaving directory '/home/tg/slam_calibration/src/cmake-build-debug/CMakeFiles/CMakeTmp'
Makefile:121: recipe for target 'cmTC_5a246/fast' failed
make: *** [cmTC_5a246/fast] Error 2

File /home/tg/slam_calibration/src/cmake-build-debug/CMakeFiles/CMakeTmp/CheckSymbolExists.c:
/* */
#include <pthread.h>

int main(int argc, char** argv)
{
  (void)argv;
#ifndef pthread_create
  return ((int*)(&pthread_create))[argc];
#else
  (void)argc;
  return 0;
#endif
}

Determining if the function pthread_create exists in the pthreads failed with the following output:
Change Dir: /home/tg/slam_calibration/src/cmake-build-debug/CMakeFiles/CMakeTmp

Run Build Command:"/usr/bin/make" "cmTC_66a06/fast"
/usr/bin/make -f CMakeFiles/cmTC_66a06.dir/build.make CMakeFiles/cmTC_66a06.dir/build
make[1]: Entering directory '/home/tg/slam_calibration/src/cmake-build-debug/CMakeFiles/CMakeTmp'
Building C object CMakeFiles/cmTC_66a06.dir/CheckFunctionExists.c.o
/usr/bin/cc   -DCHECK_FUNCTION_EXISTS=pthread_create   -o CMakeFiles/cmTC_66a06.dir/CheckFunctionExists.c.o   -c /opt/clion-2018.2.6/bin/cmake/linux/share/cmake-3.12/Modules/CheckFunctionExists.c
Linking C executable cmTC_66a06
/opt/clion-2018.2.6/bin/cmake/linux/bin/cmake -E cmake_link_script CMakeFiles/cmTC_66a06.dir/link.txt --verbose=1
/usr/bin/cc  -DCHECK_FUNCTION_EXISTS=pthread_create    -rdynamic CMakeFiles/cmTC_66a06.dir/CheckFunctionExists.c.o  -o cmTC_66a06 -lpthreads 
/usr/bin/ld: 找不到 -lpthreads
collect2: error: ld returned 1 exit status
CMakeFiles/cmTC_66a06.dir/build.make:86: recipe for target 'cmTC_66a06' failed
make[1]: *** [cmTC_66a06] Error 1
make[1]: Leaving directory '/home/tg/slam_calibration/src/cmake-build-debug/CMakeFiles/CMakeTmp'
Makefile:121: recipe for target 'cmTC_66a06/fast' failed
make: *** [cmTC_66a06/fast] Error 2


